Flow report for osc
Fri Jan 11 23:18:48 2019
Quartus II 32-bit Version 13.1.0 Build 162 10/23/2013 SJ Full Version


---------------------
; Table of Contents ;
---------------------
  1. Legal Notice
  2. Flow Summary
  3. Flow Settings
  4. Flow Non-Default Global Settings
  5. Flow Elapsed Time
  6. Flow OS Summary
  7. Flow Log
  8. Flow Messages
  9. Flow Suppressed Messages



----------------
; Legal Notice ;
----------------
Copyright (C) 1991-2013 Altera Corporation
Your use of Altera Corporation's design tools, logic functions 
and other software and tools, and its AMPP partner logic 
functions, and any output files from any of the foregoing 
(including device programming or simulation files), and any 
associated documentation or information are expressly subject 
to the terms and conditions of the Altera Program License 
Subscription Agreement, Altera MegaCore Function License 
Agreement, or other applicable license agreement, including, 
without limitation, that your use is for the sole purpose of 
programming logic devices manufactured by Altera and sold by 
Altera or its authorized distributors.  Please refer to the 
applicable agreement for further details.



+----------------------------------------------------------------------------------+
; Flow Summary                                                                     ;
+------------------------------------+---------------------------------------------+
; Flow Status                        ; Successful - Fri Jan 11 23:18:43 2019       ;
; Quartus II 32-bit Version          ; 13.1.0 Build 162 10/23/2013 SJ Full Version ;
; Revision Name                      ; osc                                         ;
; Top-level Entity Name              ; osc                                         ;
; Family                             ; Cyclone IV E                                ;
; Device                             ; EP4CE10F17C8                                ;
; Timing Models                      ; Final                                       ;
; Total logic elements               ; 325 / 10,320 ( 3 % )                        ;
;     Total combinational functions  ; 259 / 10,320 ( 3 % )                        ;
;     Dedicated logic registers      ; 249 / 10,320 ( 2 % )                        ;
; Total registers                    ; 249                                         ;
; Total pins                         ; 22 / 180 ( 12 % )                           ;
; Total virtual pins                 ; 0                                           ;
; Total memory bits                  ; 20,480 / 423,936 ( 5 % )                    ;
; Embedded Multiplier 9-bit elements ; 0 / 46 ( 0 % )                              ;
; Total PLLs                         ; 1 / 2 ( 50 % )                              ;
+------------------------------------+---------------------------------------------+


+-----------------------------------------+
; Flow Settings                           ;
+-------------------+---------------------+
; Option            ; Setting             ;
+-------------------+---------------------+
; Start date & time ; 01/11/2019 23:18:25 ;
; Main task         ; Compilation         ;
; Revision Name     ; osc                 ;
+-------------------+---------------------+


+----------------------------------------------------------------------------------------------------------------------+
; Flow Non-Default Global Settings                                                                                     ;
+-------------------------------------+---------------------------------+---------------+-------------+----------------+
; Assignment Name                     ; Value                           ; Default Value ; Entity Name ; Section Id     ;
+-------------------------------------+---------------------------------+---------------+-------------+----------------+
; COMPILER_SIGNATURE_ID               ; 141812758856528.154721990510168 ; --            ; --          ; --             ;
; EDA_OUTPUT_DATA_FORMAT              ; None                            ; --            ; --          ; eda_simulation ;
; ENABLE_SIGNALTAP                    ; Off                             ; --            ; --          ; --             ;
; IP_TOOL_NAME                        ; FIFO                            ; --            ; --          ; --             ;
; IP_TOOL_NAME                        ; FIFO                            ; --            ; --          ; --             ;
; IP_TOOL_NAME                        ; ALTPLL                          ; --            ; --          ; --             ;
; IP_TOOL_NAME                        ; ROM: 1-PORT                     ; --            ; --          ; --             ;
; IP_TOOL_VERSION                     ; 13.1                            ; --            ; --          ; --             ;
; IP_TOOL_VERSION                     ; 13.1                            ; --            ; --          ; --             ;
; IP_TOOL_VERSION                     ; 13.1                            ; --            ; --          ; --             ;
; IP_TOOL_VERSION                     ; 13.1                            ; --            ; --          ; --             ;
; MAX_CORE_JUNCTION_TEMP              ; 85                              ; --            ; --          ; --             ;
; MIN_CORE_JUNCTION_TEMP              ; 0                               ; --            ; --          ; --             ;
; MISC_FILE                           ; fifo_1.bsf                      ; --            ; --          ; --             ;
; MISC_FILE                           ; fifo_1_inst.v                   ; --            ; --          ; --             ;
; MISC_FILE                           ; fifo_1_bb.v                     ; --            ; --          ; --             ;
; MISC_FILE                           ; fifo_1.inc                      ; --            ; --          ; --             ;
; MISC_FILE                           ; fifo_1.cmp                      ; --            ; --          ; --             ;
; MISC_FILE                           ; fifo_2.bsf                      ; --            ; --          ; --             ;
; MISC_FILE                           ; fifo_2_inst.v                   ; --            ; --          ; --             ;
; MISC_FILE                           ; fifo_2_bb.v                     ; --            ; --          ; --             ;
; MISC_FILE                           ; fifo_2.inc                      ; --            ; --          ; --             ;
; MISC_FILE                           ; fifo_2.cmp                      ; --            ; --          ; --             ;
; MISC_FILE                           ; pll_1.bsf                       ; --            ; --          ; --             ;
; MISC_FILE                           ; pll_1_inst.v                    ; --            ; --          ; --             ;
; MISC_FILE                           ; pll_1_bb.v                      ; --            ; --          ; --             ;
; MISC_FILE                           ; pll_1.inc                       ; --            ; --          ; --             ;
; MISC_FILE                           ; pll_1.cmp                       ; --            ; --          ; --             ;
; MISC_FILE                           ; pll_1.ppf                       ; --            ; --          ; --             ;
; MISC_FILE                           ; sin512.bsf                      ; --            ; --          ; --             ;
; MISC_FILE                           ; sin512_inst.v                   ; --            ; --          ; --             ;
; MISC_FILE                           ; sin512_bb.v                     ; --            ; --          ; --             ;
; MISC_FILE                           ; sin512.inc                      ; --            ; --          ; --             ;
; MISC_FILE                           ; sin512.cmp                      ; --            ; --          ; --             ;
; OUTPUT_IO_TIMING_FAR_END_VMEAS      ; Half Signal Swing               ; --            ; --          ; --             ;
; OUTPUT_IO_TIMING_FAR_END_VMEAS      ; Half Signal Swing               ; --            ; --          ; --             ;
; OUTPUT_IO_TIMING_NEAR_END_VMEAS     ; Half Vccio                      ; --            ; --          ; --             ;
; OUTPUT_IO_TIMING_NEAR_END_VMEAS     ; Half Vccio                      ; --            ; --          ; --             ;
; PARTITION_COLOR                     ; 16764057                        ; --            ; --          ; Top            ;
; PARTITION_FITTER_PRESERVATION_LEVEL ; PLACEMENT_AND_ROUTING           ; --            ; --          ; Top            ;
; PARTITION_NETLIST_TYPE              ; SOURCE                          ; --            ; --          ; Top            ;
; PROJECT_OUTPUT_DIRECTORY            ; output_files                    ; --            ; --          ; --             ;
; USE_SIGNALTAP_FILE                  ; stp1.stp                        ; --            ; --          ; --             ;
+-------------------------------------+---------------------------------+---------------+-------------+----------------+


+-------------------------------------------------------------------------------------------------------------------------------+
; Flow Elapsed Time                                                                                                             ;
+---------------------------+--------------+-------------------------+---------------------+------------------------------------+
; Module Name               ; Elapsed Time ; Average Processors Used ; Peak Virtual Memory ; Total CPU Time (on all processors) ;
+---------------------------+--------------+-------------------------+---------------------+------------------------------------+
; Analysis & Synthesis      ; 00:00:05     ; 1.0                     ; 433 MB              ; 00:00:05                           ;
; Fitter                    ; 00:00:10     ; 1.0                     ; 724 MB              ; 00:00:11                           ;
; Assembler                 ; 00:00:01     ; 1.0                     ; 406 MB              ; 00:00:02                           ;
; TimeQuest Timing Analyzer ; 00:00:03     ; 1.0                     ; 452 MB              ; 00:00:03                           ;
; Total                     ; 00:00:19     ; --                      ; --                  ; 00:00:21                           ;
+---------------------------+--------------+-------------------------+---------------------+------------------------------------+


+----------------------------------------------------------------------------------------+
; Flow OS Summary                                                                        ;
+---------------------------+------------------+-----------+------------+----------------+
; Module Name               ; Machine Hostname ; OS Name   ; OS Version ; Processor type ;
+---------------------------+------------------+-----------+------------+----------------+
; Analysis & Synthesis      ; DESKTOP-GODSHIP  ; Windows 7 ; 6.2        ; x86_64         ;
; Fitter                    ; DESKTOP-GODSHIP  ; Windows 7 ; 6.2        ; x86_64         ;
; Assembler                 ; DESKTOP-GODSHIP  ; Windows 7 ; 6.2        ; x86_64         ;
; TimeQuest Timing Analyzer ; DESKTOP-GODSHIP  ; Windows 7 ; 6.2        ; x86_64         ;
+---------------------------+------------------+-----------+------------+----------------+


------------
; Flow Log ;
------------
quartus_map --read_settings_files=on --write_settings_files=off osc -c osc
quartus_fit --read_settings_files=off --write_settings_files=off osc -c osc
quartus_asm --read_settings_files=off --write_settings_files=off osc -c osc
quartus_sta osc -c osc



